19:08:57.075 [http-nio-8080-exec-6] INFO  c.d.blogify.aop.GlobalLoggingAspect - Entering method: getAllCommunities
19:08:57.090 [http-nio-8080-exec-6] INFO  c.d.blogify.aop.GlobalLoggingAspect - Method getAllCommunities returned with status code: 200 OK
19:08:57.090 [http-nio-8080-exec-6] INFO  c.d.blogify.aop.GlobalLoggingAspect - Method getAllCommunities returned with result: [ListCommunityDto[id=3, name=string, description=string, numberOfMembers=1, communityIconUrl=null, tags=[TagDto[name=string]]], ListCommunityDto[id=4, name=strtnfging, description=string, numberOfMembers=1, communityIconUrl=null, tags=[TagDto[name=string]]]]
19:09:35.584 [http-nio-8080-exec-10] INFO  c.d.blogify.aop.GlobalLoggingAspect - Entering method: getAllCommunities
19:09:35.603 [http-nio-8080-exec-10] INFO  c.d.blogify.aop.GlobalLoggingAspect - Method getAllCommunities returned with status code: 200 OK
19:09:35.604 [http-nio-8080-exec-10] INFO  c.d.blogify.aop.GlobalLoggingAspect - Method getAllCommunities returned with result: [ListCommunityDto[id=3, name=string, description=string, numberOfMembers=1, communityIconUrl=null, tags=[TagDto[name=string]]], ListCommunityDto[id=4, name=strtnfging, description=string, numberOfMembers=1, communityIconUrl=null, tags=[TagDto[name=string]]]]
19:10:17.979 [http-nio-8080-exec-8] INFO  c.d.blogify.aop.GlobalLoggingAspect - Entering method: getAllCommunities
19:10:18.002 [http-nio-8080-exec-8] INFO  c.d.blogify.aop.GlobalLoggingAspect - Method getAllCommunities returned with status code: 200 OK
19:10:18.003 [http-nio-8080-exec-8] INFO  c.d.blogify.aop.GlobalLoggingAspect - Method getAllCommunities returned with result: [ListCommunityDto[id=3, name=string, description=string, numberOfMembers=1, communityIconUrl=null, tags=[TagDto[name=string]]], ListCommunityDto[id=4, name=strtnfging, description=string, numberOfMembers=1, communityIconUrl=null, tags=[TagDto[name=string]]]]
23:02:17.023 [http-nio-8080-exec-1] INFO  c.d.blogify.aop.GlobalLoggingAspect - Entering method: getAllCommunities
23:02:18.181 [http-nio-8080-exec-1] INFO  c.d.blogify.aop.GlobalLoggingAspect - Method getAllCommunities returned with status code: 200 OK
23:02:18.182 [http-nio-8080-exec-1] INFO  c.d.blogify.aop.GlobalLoggingAspect - Method getAllCommunities returned with result: [ListCommunityDto[id=3, name=string, description=string, numberOfMembers=1, communityIconUrl=null, tags=[TagDto[name=string]]], ListCommunityDto[id=4, name=strtnfging, description=string, numberOfMembers=1, communityIconUrl=null, tags=[TagDto[name=string]]]]
23:02:39.999 [http-nio-8080-exec-3] INFO  c.d.blogify.aop.GlobalLoggingAspect - Entering method: login
23:02:42.182 [http-nio-8080-exec-3] INFO  c.d.blogify.aop.GlobalLoggingAspect - Method login returned with status code: 200 OK
23:02:42.183 [http-nio-8080-exec-3] INFO  c.d.blogify.aop.GlobalLoggingAspect - Method login returned with result: AuthenticationResponse(accessToken=eyJhbGciOiJIUzI1NiJ9.eyJzdWIiOiJtYWhkaSIsImlhdCI6MTcxMTgyODk2MSwiZXhwIjoxNzExODMyNTYxfQ.hWsltCHq-r7DzJvXU4FdozIGVwDDrfdAniD-CA88L5Y, refreshToken=eyJhbGciOiJIUzI1NiJ9.eyJzdWIiOiJtYWhkaSIsImlhdCI6MTcxMTgyODk2MSwiZXhwIjoxNzExOTE1MzYxfQ.BpMX2NttTkiak48MPGx1RqMi4IvQ0AjMeKLN8ubZvq0)
23:03:10.321 [http-nio-8080-exec-5] INFO  c.d.blogify.aop.GlobalLoggingAspect - Entering method: createNewCommunity
23:03:10.608 [http-nio-8080-exec-5] INFO  c.d.blogify.aop.GlobalLoggingAspect - Method createNewCommunity returned with status code: 201 CREATED
23:03:10.609 [http-nio-8080-exec-5] INFO  c.d.blogify.aop.GlobalLoggingAspect - Method createNewCommunity returned with result: CommunityDto[name=strtnfgfbeoning, description=string, tags=[TagDto[name=string]]]
23:10:48.341 [http-nio-8080-exec-3] INFO  c.d.blogify.aop.GlobalLoggingAspect - Entering method: refresh
23:10:48.350 [http-nio-8080-exec-3] INFO  c.d.blogify.aop.GlobalLoggingAspect - Method refresh returned with result: null
23:35:29.796 [http-nio-8080-exec-1] INFO  c.d.blogify.aop.GlobalLoggingAspect - Entering method: getCommunityPosts
23:35:30.578 [http-nio-8080-exec-1] INFO  c.d.blogify.aop.GlobalLoggingAspect - Method getCommunityPosts returned with status code: 200 OK
23:35:30.580 [http-nio-8080-exec-1] INFO  c.d.blogify.aop.GlobalLoggingAspect - Method getCommunityPosts returned with result: []
23:39:50.375 [http-nio-8080-exec-4] INFO  c.d.blogify.aop.GlobalLoggingAspect - Entering method: login
23:39:52.259 [http-nio-8080-exec-4] INFO  c.d.blogify.aop.GlobalLoggingAspect - Method login returned with status code: 200 OK
23:39:52.264 [http-nio-8080-exec-4] INFO  c.d.blogify.aop.GlobalLoggingAspect - Method login returned with result: AuthenticationResponse(accessToken=eyJhbGciOiJIUzI1NiJ9.eyJzdWIiOiJtYWhkaSIsImlhdCI6MTcxMTgzMTE5MSwiZXhwIjoxNzExODM0NzkxfQ.YaWYbPZOXCNObY1E1oHmCATLNq0RIrK9oFWRH83yVnU, refreshToken=eyJhbGciOiJIUzI1NiJ9.eyJzdWIiOiJtYWhkaSIsImlhdCI6MTcxMTgzMTE5MSwiZXhwIjoxNzExOTE3NTkxfQ.shi1pihbb7cahzUjghLu4xKhqGX5FYmTfKTIFZzT7nA)
23:40:18.394 [http-nio-8080-exec-6] INFO  c.d.blogify.aop.GlobalLoggingAspect - Entering method: createNewCommunity
23:40:18.670 [http-nio-8080-exec-6] INFO  c.d.blogify.aop.GlobalLoggingAspect - Method createNewCommunity returned with status code: 201 CREATED
23:40:18.671 [http-nio-8080-exec-6] INFO  c.d.blogify.aop.GlobalLoggingAspect - Method createNewCommunity returned with result: CommunityDto[name=strinvedsg, description=string, tags=[TagDto[name=string]]]
23:56:22.155 [http-nio-8080-exec-2] INFO  c.d.blogify.aop.GlobalLoggingAspect - Entering method: login
23:56:24.935 [http-nio-8080-exec-2] INFO  c.d.blogify.aop.GlobalLoggingAspect - Method login returned with status code: 200 OK
23:56:24.936 [http-nio-8080-exec-2] INFO  c.d.blogify.aop.GlobalLoggingAspect - Method login returned with result: AuthenticationResponse(accessToken=eyJhbGciOiJIUzI1NiJ9.eyJzdWIiOiJtYWhkaSIsImlhdCI6MTcxMTgzMjE4NCwiZXhwIjoxNzExODM1Nzg0fQ.K-64cpGqSAHW09JXZLibMaEaNP8Hh-VyE1p0qKEQJFg, refreshToken=eyJhbGciOiJIUzI1NiJ9.eyJzdWIiOiJtYWhkaSIsImlhdCI6MTcxMTgzMjE4NCwiZXhwIjoxNzExOTE4NTg0fQ.vIx2wZJ4LxpgfVIZkJ2lpnvjSJoYO1Ag3zHSjGhlLA4)
23:56:49.661 [http-nio-8080-exec-4] INFO  c.d.blogify.aop.GlobalLoggingAspect - Entering method: createNewCommunity
23:56:49.810 [http-nio-8080-exec-4] INFO  c.d.blogify.aop.GlobalLoggingAspect - Method createNewCommunity returned with status code: 201 CREATED
23:56:49.810 [http-nio-8080-exec-4] INFO  c.d.blogify.aop.GlobalLoggingAspect - Method createNewCommunity returned with result: CommunityDto[name=strinvevdsg, description=string, tags=[TagDto[name=string]]]
00:47:30.257 [main] INFO  c.d.blogify.aop.GlobalLoggingAspect - Entering method: register
00:47:30.487 [main] INFO  c.d.blogify.aop.GlobalLoggingAspect - Method register returned with status code: 200 OK
00:47:30.529 [main] INFO  c.d.blogify.aop.GlobalLoggingAspect - Method register returned with result: AuthenticationResponse(accessToken=eyJhbGciOiJIUzI1NiIsInR5cCI6IkpXVCJ9.eyJzdWIiOiJleGFtcGxlVXNlciIsImlhdCI6MTY0NjQyOTcxOCwiZXhwIjoxNjQ2NDMzMzE4fQ.I4tvcDgS1rz8Gqo3UH00mjRxjCp8ncpYi3HX-BriWaQ, refreshToken=eyJhbGciOiJIUzI1NiJ9.eyJzdWIiOiJtYWhkaSIsImlhdCI6MTcxMTcyMDI1MiwiZXhwIjoxNzExODA2NjUyfQ.3ccQb1mT83nIoKFiIC-wgZ3OhQyL6qiSJ5ZfhY33Iz0)
00:47:31.815 [main] INFO  c.d.blogify.aop.GlobalLoggingAspect - Entering method: register
00:47:32.389 [main] INFO  c.d.blogify.aop.GlobalLoggingAspect - Entering method: login
00:47:32.499 [main] INFO  c.d.blogify.aop.GlobalLoggingAspect - Entering method: register
00:47:32.605 [main] INFO  c.d.blogify.aop.GlobalLoggingAspect - Entering method: login
00:47:32.611 [main] INFO  c.d.blogify.aop.GlobalLoggingAspect - Method login returned with status code: 200 OK
00:47:32.612 [main] INFO  c.d.blogify.aop.GlobalLoggingAspect - Method login returned with result: AuthenticationResponse(accessToken=eyJhbGciOiJIUzI1NiIsInR5cCI6IkpXVCJ9.eyJzdWIiOiJleGFtcGxlVXNlciIsImlhdCI6MTY0NjQyOTcxOCwiZXhwIjoxNjQ2NDMzMzE4fQ.I4tvcDgS1rz8Gqo3UH00mjRxjCp8ncpYi3HX-BriWaQ, refreshToken=eyJhbGciOiJIUzI1NiJ9.eyJzdWIiOiJtYWhkaSIsImlhdCI6MTcxMTcyMDI1MiwiZXhwIjoxNzExODA2NjUyfQ.3ccQb1mT83nIoKFiIC-wgZ3OhQyL6qiSJ5ZfhY33Iz0)
00:48:32.172 [main] INFO  c.d.blogify.aop.GlobalLoggingAspect - Entering method: getAllUsers
00:48:32.174 [main] INFO  c.d.blogify.aop.GlobalLoggingAspect - Method getAllUsers returned with status code: 200 OK
00:48:32.174 [main] INFO  c.d.blogify.aop.GlobalLoggingAspect - Method getAllUsers returned with result: [UserDto[userId=1, username=mahdi, image_url=image_url1, createdDate=2024-03-31]]
00:48:32.315 [main] INFO  c.d.blogify.aop.GlobalLoggingAspect - Entering method: getDetailedUser
00:48:32.418 [main] INFO  c.d.blogify.aop.GlobalLoggingAspect - Entering method: getDetailedUser
00:48:32.421 [main] INFO  c.d.blogify.aop.GlobalLoggingAspect - Method getDetailedUser returned with status code: 200 OK
00:48:32.422 [main] INFO  c.d.blogify.aop.GlobalLoggingAspect - Method getDetailedUser returned with result: FullDetailUser[userId=1, username=mahdi, email=jamilmahdi77@gmail.com, bio=I am Java Backend Software Engineer, createdDate=2024-03-31, role=user, image_url=null]
00:48:32.527 [main] INFO  c.d.blogify.aop.GlobalLoggingAspect - Entering method: getAllUsers
00:48:32.528 [main] INFO  c.d.blogify.aop.GlobalLoggingAspect - Method getAllUsers returned with status code: 200 OK
00:48:32.528 [main] INFO  c.d.blogify.aop.GlobalLoggingAspect - Method getAllUsers returned with result: [UserDto[userId=1, username=mahdi, image_url=image_url1, createdDate=2024-03-31]]
00:48:32.872 [main] INFO  c.d.blogify.aop.GlobalLoggingAspect - Entering method: getDetailedUser
00:48:32.876 [main] INFO  c.d.blogify.aop.GlobalLoggingAspect - Method getDetailedUser returned with status code: 200 OK
00:48:32.877 [main] INFO  c.d.blogify.aop.GlobalLoggingAspect - Method getDetailedUser returned with result: FullDetailUser[userId=1, username=mahdi, email=jamilmahdi77@gmail.com, bio=I am Java Backend Software Engineer, createdDate=2024-03-31, role=user, image_url=null]
00:59:06.085 [main] INFO  c.d.blogify.aop.GlobalLoggingAspect - Entering method: register
00:59:06.116 [main] INFO  c.d.blogify.aop.GlobalLoggingAspect - Method register returned with status code: 200 OK
00:59:06.117 [main] INFO  c.d.blogify.aop.GlobalLoggingAspect - Method register returned with result: AuthenticationResponse(accessToken=eyJhbGciOiJIUzI1NiIsInR5cCI6IkpXVCJ9.eyJzdWIiOiJleGFtcGxlVXNlciIsImlhdCI6MTY0NjQyOTcxOCwiZXhwIjoxNjQ2NDMzMzE4fQ.I4tvcDgS1rz8Gqo3UH00mjRxjCp8ncpYi3HX-BriWaQ, refreshToken=eyJhbGciOiJIUzI1NiJ9.eyJzdWIiOiJtYWhkaSIsImlhdCI6MTcxMTcyMDI1MiwiZXhwIjoxNzExODA2NjUyfQ.3ccQb1mT83nIoKFiIC-wgZ3OhQyL6qiSJ5ZfhY33Iz0)
00:59:06.567 [main] INFO  c.d.blogify.aop.GlobalLoggingAspect - Entering method: register
00:59:06.915 [main] INFO  c.d.blogify.aop.GlobalLoggingAspect - Entering method: login
00:59:06.989 [main] INFO  c.d.blogify.aop.GlobalLoggingAspect - Entering method: register
00:59:07.028 [main] INFO  c.d.blogify.aop.GlobalLoggingAspect - Entering method: login
00:59:07.036 [main] INFO  c.d.blogify.aop.GlobalLoggingAspect - Method login returned with status code: 200 OK
00:59:07.037 [main] INFO  c.d.blogify.aop.GlobalLoggingAspect - Method login returned with result: AuthenticationResponse(accessToken=eyJhbGciOiJIUzI1NiIsInR5cCI6IkpXVCJ9.eyJzdWIiOiJleGFtcGxlVXNlciIsImlhdCI6MTY0NjQyOTcxOCwiZXhwIjoxNjQ2NDMzMzE4fQ.I4tvcDgS1rz8Gqo3UH00mjRxjCp8ncpYi3HX-BriWaQ, refreshToken=eyJhbGciOiJIUzI1NiJ9.eyJzdWIiOiJtYWhkaSIsImlhdCI6MTcxMTcyMDI1MiwiZXhwIjoxNzExODA2NjUyfQ.3ccQb1mT83nIoKFiIC-wgZ3OhQyL6qiSJ5ZfhY33Iz0)
00:59:44.595 [main] INFO  c.d.blogify.aop.GlobalLoggingAspect - Entering method: getAllUsers
00:59:44.597 [main] INFO  c.d.blogify.aop.GlobalLoggingAspect - Method getAllUsers returned with status code: 200 OK
00:59:44.600 [main] INFO  c.d.blogify.aop.GlobalLoggingAspect - Method getAllUsers returned with result: [UserDto[userId=1, username=mahdi, image_url=image_url1, createdDate=2024-03-31]]
00:59:44.750 [main] INFO  c.d.blogify.aop.GlobalLoggingAspect - Entering method: getDetailedUser
00:59:44.820 [main] INFO  c.d.blogify.aop.GlobalLoggingAspect - Entering method: getDetailedUser
00:59:44.823 [main] INFO  c.d.blogify.aop.GlobalLoggingAspect - Method getDetailedUser returned with status code: 200 OK
00:59:44.824 [main] INFO  c.d.blogify.aop.GlobalLoggingAspect - Method getDetailedUser returned with result: FullDetailUser[userId=1, username=mahdi, email=jamilmahdi77@gmail.com, bio=I am Java Backend Software Engineer, createdDate=2024-03-31, role=user, image_url=null]
00:59:45.076 [main] INFO  c.d.blogify.aop.GlobalLoggingAspect - Entering method: getAllUsers
00:59:45.077 [main] INFO  c.d.blogify.aop.GlobalLoggingAspect - Method getAllUsers returned with status code: 200 OK
00:59:45.077 [main] INFO  c.d.blogify.aop.GlobalLoggingAspect - Method getAllUsers returned with result: [UserDto[userId=1, username=mahdi, image_url=image_url1, createdDate=2024-03-31]]
00:59:45.163 [main] INFO  c.d.blogify.aop.GlobalLoggingAspect - Entering method: getDetailedUser
00:59:45.167 [main] INFO  c.d.blogify.aop.GlobalLoggingAspect - Method getDetailedUser returned with status code: 200 OK
00:59:45.167 [main] INFO  c.d.blogify.aop.GlobalLoggingAspect - Method getDetailedUser returned with result: FullDetailUser[userId=1, username=mahdi, email=jamilmahdi77@gmail.com, bio=I am Java Backend Software Engineer, createdDate=2024-03-31, role=user, image_url=null]
01:06:42.017 [main] INFO  c.d.blogify.aop.GlobalLoggingAspect - Entering method: partialUpdate
01:06:42.063 [main] INFO  c.d.blogify.aop.GlobalLoggingAspect - Method partialUpdate returned with status code: 200 OK
01:06:42.064 [main] INFO  c.d.blogify.aop.GlobalLoggingAspect - Method partialUpdate returned with result: null
01:10:59.636 [main] INFO  c.d.blogify.aop.GlobalLoggingAspect - Entering method: partialUpdate
01:10:59.727 [main] INFO  c.d.blogify.aop.GlobalLoggingAspect - Method partialUpdate returned with status code: 200 OK
01:10:59.728 [main] INFO  c.d.blogify.aop.GlobalLoggingAspect - Method partialUpdate returned with result: UserDto[userId=1, username=mahdi, image_url=image_url2, createdDate=2024-03-31]
01:31:42.525 [main] INFO  c.d.blogify.aop.GlobalLoggingAspect - Entering method: partialUpdate
01:31:42.570 [main] INFO  c.d.blogify.aop.GlobalLoggingAspect - Method partialUpdate returned with status code: 200 OK
01:31:42.571 [main] INFO  c.d.blogify.aop.GlobalLoggingAspect - Method partialUpdate returned with result: FullDetailUser[userId=1, username=mahdi, email=jamilmahdi77@gmail.com, bio=I am Java Backend Software Engineer, createdDate=2024-03-31, role=user, image_url=null]
01:42:50.860 [main] INFO  c.d.blogify.aop.GlobalLoggingAspect - Entering method: partialUpdate
01:42:50.939 [main] INFO  c.d.blogify.aop.GlobalLoggingAspect - Method partialUpdate returned with status code: 200 OK
01:42:50.940 [main] INFO  c.d.blogify.aop.GlobalLoggingAspect - Method partialUpdate returned with result: null
